[    0.000000] Initializing cgroup subsys cpuset
[    0.000000] Initializing cgroup subsys cpu
[    0.000000] Initializing cgroup subsys cpuacct
[    0.000000] Linux version 4.4.0-194-generic (buildd@lcy01-amd64-020) (gcc version 5.4.0 20160609 (Ubuntu 5.4.0-6ubuntu1~16.04.12) ) #226-Ubuntu SMP Wed Oct 21 10:19:36 UTC 2020 (Ubuntu 4.4.0-194.226-generic 4.4.236)
[    0.000000] Command line: BOOT_IMAGE=/boot/vmlinuz-4.4.0-194-generic root=LABEL=cloudimg-rootfs ro console=tty1 console=ttyS0
[    0.000000] KERNEL supported cpus:
[    0.000000]   Intel GenuineIntel
[    0.000000]   AMD AuthenticAMD
[    0.000000]   Centaur CentaurHauls
[    0.000000] x86/fpu: Legacy x87 FPU detected.
[    0.000000] e820: BIOS-provided physical RAM map:
[    0.000000] BIOS-e820: [mem 0x0000000000000000-0x000000000009fbff] usable
[    0.000000] BIOS-e820: [mem 0x000000000009fc00-0x000000000009ffff] reserved
[    0.000000] BIOS-e820: [mem 0x00000000000f0000-0x00000000000fffff] reserved
[    0.000000] BIOS-e820: [mem 0x0000000000100000-0x000000003ffeffff] usable
[    0.000000] BIOS-e820: [mem 0x000000003fff0000-0x000000003fffffff] ACPI data
[    0.000000] BIOS-e820: [mem 0x00000000fec00000-0x00000000fec00fff] reserved
[    0.000000] BIOS-e820: [mem 0x00000000fee00000-0x00000000fee00fff] reserved
[    0.000000] BIOS-e820: [mem 0x00000000fffc0000-0x00000000ffffffff] reserved
[    0.000000] NX (Execute Disable) protection: active
[    0.000000] SMBIOS 2.5 present.
[    0.000000] Hypervisor detected: KVM
[    0.000000] e820: last_pfn = 0x3fff0 max_arch_pfn = 0x400000000
[    0.000000] MTRR: Disabled
[    0.000000] x86/PAT: MTRRs disabled, skipping PAT initialization too.
[    0.000000] CPU MTRRs all blank - virtualized system.
[    0.000000] x86/PAT: Configuration [0-7]: WB  WT  UC- UC  WB  WT  UC- UC  
[    0.000000] found SMP MP-table at [mem 0x0009fff0-0x0009ffff] mapped at [ffff88000009fff0]
[    0.000000] Scanning 1 areas for low memory corruption
[    0.000000] RAMDISK: [mem 0x362e0000-0x37167fff]
[    0.000000] ACPI: Early table checksum verification disabled
[    0.000000] ACPI: RSDP 0x00000000000E0000 000024 (v02 VBOX  )
[    0.000000] ACPI: XSDT 0x000000003FFF0030 00003C (v01 VBOX   VBOXXSDT 00000001 ASL  00000061)
[    0.000000] ACPI: FACP 0x000000003FFF00F0 0000F4 (v04 VBOX   VBOXFACP 00000001 ASL  00000061)
[    0.000000] ACPI: DSDT 0x000000003FFF0470 002325 (v02 VBOX   VBOXBIOS 00000002 INTL 20100528)
[    0.000000] ACPI: FACS 0x000000003FFF0200 000040
[    0.000000] ACPI: FACS 0x000000003FFF0200 000040
[    0.000000] ACPI: APIC 0x000000003FFF0240 00005C (v02 VBOX   VBOXAPIC 00000001 ASL  00000061)
[    0.000000] ACPI: SSDT 0x000000003FFF02A0 0001CC (v01 VBOX   VBOXCPUT 00000002 INTL 20100528)
[    0.000000] No NUMA configuration found
[    0.000000] Faking a node at [mem 0x0000000000000000-0x000000003ffeffff]
[    0.000000] NODE_DATA(0) allocated [mem 0x3ffeb000-0x3ffeffff]
[    0.000000] kvm-clock: Using msrs 4b564d01 and 4b564d00
[    0.000000] kvm-clock: cpu 0, msr 0:3ffe3001, primary cpu clock
[    0.000000] kvm-clock: using sched offset of 4386938520 cycles
[    0.000000] clocksource: kvm-clock: mask: 0xffffffffffffffff max_cycles: 0x1cd42e4dffb, max_idle_ns: 881590591483 ns
[    0.000000] Zone ranges:
[    0.000000]   DMA      [mem 0x0000000000001000-0x0000000000ffffff]
[    0.000000]   DMA32    [mem 0x0000000001000000-0x000000003ffeffff]
[    0.000000]   Normal   empty
[    0.000000]   Device   empty
[    0.000000] Movable zone start for each node
[    0.000000] Early memory node ranges
[    0.000000]   node   0: [mem 0x0000000000001000-0x000000000009efff]
[    0.000000]   node   0: [mem 0x0000000000100000-0x000000003ffeffff]
[    0.000000] Initmem setup node 0 [mem 0x0000000000001000-0x000000003ffeffff]
[    0.000000] ACPI: PM-Timer IO Port: 0x4008
[    0.000000] IOAPIC[0]: apic_id 2, version 32, address 0xfec00000, GSI 0-23
[    0.000000] ACPI: INT_SRC_OVR (bus 0 bus_irq 0 global_irq 2 dfl dfl)
[    0.000000] ACPI: INT_SRC_OVR (bus 0 bus_irq 9 global_irq 9 low level)
[    0.000000] Using ACPI (MADT) for SMP configuration information
[    0.000000] smpboot: Allowing 2 CPUs, 0 hotplug CPUs
[    0.000000] PM: Registered nosave memory: [mem 0x00000000-0x00000fff]
[    0.000000] PM: Registered nosave memory: [mem 0x0009f000-0x0009ffff]
[    0.000000] PM: Registered nosave memory: [mem 0x000a0000-0x000effff]
[    0.000000] PM: Registered nosave memory: [mem 0x000f0000-0x000fffff]
[    0.000000] e820: [mem 0x40000000-0xfebfffff] available for PCI devices
[    0.000000] Booting paravirtualized kernel on KVM
[    0.000000] clocksource: refined-jiffies: mask: 0xffffffff max_cycles: 0xffffffff, max_idle_ns: 7645519600211568 ns
[    0.000000] setup_percpu: NR_CPUS:512 nr_cpumask_bits:512 nr_cpu_ids:2 nr_node_ids:1
[    0.000000] PERCPU: Embedded 33 pages/cpu @ffff88003fc00000 s95512 r8192 d31464 u1048576
[    0.000000] Built 1 zonelists in Node order, mobility grouping on.  Total pages: 257912
[    0.000000] Policy zone: DMA32
[    0.000000] Kernel command line: BOOT_IMAGE=/boot/vmlinuz-4.4.0-194-generic root=LABEL=cloudimg-rootfs ro console=tty1 console=ttyS0
[    0.000000] PID hash table entries: 4096 (order: 3, 32768 bytes)
[    0.000000] Memory: 997664K/1048120K available (8640K kernel code, 1337K rwdata, 4040K rodata, 1492K init, 1296K bss, 50456K reserved, 0K cma-reserved)
[    0.000000] SLUB: HWalign=64, Order=0-3, MinObjects=0, CPUs=2, Nodes=1
[    0.000000] Kernel/User page tables isolation: enabled
[    0.000000] Hierarchical RCU implementation.
[    0.000000] 	Build-time adjustment of leaf fanout to 64.
[    0.000000] 	RCU restricting CPUs from NR_CPUS=512 to nr_cpu_ids=2.
[    0.000000] RCU: Adjusting geometry for rcu_fanout_leaf=64, nr_cpu_ids=2
[    0.000000] NR_IRQS:33024 nr_irqs:440 16
[    0.000000] Console: colour VGA+ 80x25
[    0.000000] console [tty1] enabled
[    0.000000] console [ttyS0] enabled
[    0.000000] tsc: Detected 1799.999 MHz processor
[    0.537538] Calibrating delay loop (skipped) preset value.. 3599.99 BogoMIPS (lpj=7199996)
[    0.545075] pid_max: default: 32768 minimum: 301
[    0.548788] ACPI: Core revision 20150930
[    0.553545] ACPI: 2 ACPI AML tables successfully acquired and loaded
[    0.560234] Security Framework initialized
[    0.564188] Yama: becoming mindful.
[    0.568311] AppArmor: AppArmor initialized
[    0.572158] Dentry cache hash table entries: 131072 (order: 8, 1048576 bytes)
[    0.583013] Inode-cache hash table entries: 65536 (order: 7, 524288 bytes)
[    0.592225] Mount-cache hash table entries: 2048 (order: 2, 16384 bytes)
[    0.598740] Mountpoint-cache hash table entries: 2048 (order: 2, 16384 bytes)
[    0.610136] Initializing cgroup subsys io
[    0.613751] Initializing cgroup subsys memory
[    0.617954] Initializing cgroup subsys devices
[    0.621434] Initializing cgroup subsys freezer
[    0.625365] Initializing cgroup subsys net_cls
[    0.629192] Initializing cgroup subsys perf_event
[    0.633723] Initializing cgroup subsys net_prio
[    0.638434] Initializing cgroup subsys hugetlb
[    0.641994] Initializing cgroup subsys pids
[    0.645796] mce: CPU supports 0 MCE banks
[    0.649034] Last level iTLB entries: 4KB 64, 2MB 8, 4MB 8
[    0.654421] Last level dTLB entries: 4KB 64, 2MB 0, 4MB 0, 1GB 4
[    0.658936] Spectre V1 : Mitigation: usercopy/swapgs barriers and __user pointer sanitization
[    0.665612] Spectre V2 : Mitigation: Full generic retpoline
[    0.670055] Spectre V2 : Spectre v2 / SpectreRSB mitigation: Filling RSB on context switch
[    0.676156] Speculative Store Bypass: Vulnerable
[    0.682364] MDS: Mitigation: Clear CPU buffers
[    0.706273] Freeing SMP alternatives memory: 36K
[    0.755419] ftrace: allocating 32346 entries in 127 pages
[    1.346445] smpboot: APIC(0) Converting physical 0 to logical package 0
[    1.353409] smpboot: Max logical packages: 1
[    1.373335] ..TIMER: vector=0x30 apic1=0 pin1=2 apic2=-1 pin2=-1
[    1.487721] smpboot: CPU0: Intel(R) Core(TM) i5-8250U CPU @ 1.60GHz (family: 0x6, model: 0x8e, stepping: 0xa)
[    1.501845] Performance Events: unsupported p6 CPU model 142 no PMU driver, software events only.
[    1.569881] KVM setup paravirtual spinlock
[    1.575931] x86: Booting SMP configuration:
[    1.578965] .... node  #0, CPUs:      #1
[    1.584079] kvm-clock: cpu 1, msr 0:3ffe3041, secondary cpu clock
[    1.588121] mce: CPU supports 0 MCE banks
[    1.591934] TSC synchronization [CPU#0 -> CPU#1]:
[    1.595983] Measured 38264 cycles TSC warp between CPUs, turning off TSC clock.
[    1.602247] tsc: Marking TSC unstable due to check_tsc_sync_source failed
[    0.437235] x86: Booted up 1 node, 2 CPUs
[    0.440009] smpboot: Total of 2 processors activated (7199.99 BogoMIPS)
[    0.448629] devtmpfs: initialized
[    0.454013] evm: security.selinux
[    0.456013] evm: security.SMACK64
[    0.460006] evm: security.SMACK64EXEC
[    0.462605] evm: security.SMACK64TRANSMUTE
[    0.464003] evm: security.SMACK64MMAP
[    0.468002] evm: security.ima
[    0.472007] evm: security.capability
[    0.476410] clocksource: jiffies: mask: 0xffffffff max_cycles: 0xffffffff, max_idle_ns: 7645041785100000 ns
[    0.480045] futex hash table entries: 512 (order: 3, 32768 bytes)
[    0.484513] pinctrl core: initialized pinctrl subsystem
[    0.488272] RTC time:  0:28:34, date: 11/28/20
[    0.492994] NET: Registered protocol family 16
[    0.512015] cpuidle: using governor ladder
[    0.524016] cpuidle: using governor menu
[    0.526817] PCCT header not found.
[    0.528204] ACPI: bus type PCI registered
[    0.532006] acpiphp: ACPI Hot Plug PCI Controller Driver version: 0.5
[    0.536378] PCI: Using configuration type 1 for base access
[    0.564743] ACPI: Added _OSI(Module Device)
[    0.568010] ACPI: Added _OSI(Processor Device)
[    0.572007] ACPI: Added _OSI(3.0 _SCP Extensions)
[    0.576007] ACPI: Added _OSI(Processor Aggregator Device)
[    0.581123] ACPI: Executed 1 blocks of module-level executable AML code
[    0.588759] ACPI: Interpreter enabled
[    0.592012] ACPI: (supports S0 S5)
[    0.595451] ACPI: Using IOAPIC for interrupt routing
[    0.596308] PCI: Using host bridge windows from ACPI; if necessary, use "pci=nocrs" and report a bug
[    0.610720] ACPI: PCI Root Bridge [PCI0] (domain 0000 [bus 00-ff])
[    0.612014] acpi PNP0A03:00: _OSC: OS supports [ASPM ClockPM Segments MSI]
[    0.620077] acpi PNP0A03:00: _OSC: not requesting OS control; OS requires [ExtendedConfig ASPM ClockPM MSI]
[    0.624020] acpi PNP0A03:00: fail to add MMCONFIG information, can't access extended PCI configuration space under this bridge.
[    0.628583] PCI host bridge to bus 0000:00
[    0.632034] pci_bus 0000:00: root bus resource [io  0x0000-0x0cf7 window]
[    0.636009] pci_bus 0000:00: root bus resource [io  0x0d00-0xffff window]
[    0.640010] pci_bus 0000:00: root bus resource [mem 0x000a0000-0x000bffff window]
[    0.644009] pci_bus 0000:00: root bus resource [mem 0x40000000-0xfdffffff window]
[    0.648008] pci_bus 0000:00: root bus resource [bus 00-ff]
[    0.661024] pci 0000:00:01.1: legacy IDE quirk: reg 0x10: [io  0x01f0-0x01f7]
[    0.664010] pci 0000:00:01.1: legacy IDE quirk: reg 0x14: [io  0x03f6]
[    0.668008] pci 0000:00:01.1: legacy IDE quirk: reg 0x18: [io  0x0170-0x0177]
[    0.672008] pci 0000:00:01.1: legacy IDE quirk: reg 0x1c: [io  0x0376]
[    0.736707] pci 0000:00:07.0: quirk: [io  0x4000-0x403f] claimed by PIIX4 ACPI
[    0.756034] pci 0000:00:07.0: quirk: [io  0x4100-0x410f] claimed by PIIX4 SMB
[    0.784032] ACPI: PCI Interrupt Link [LNKA] (IRQs 5 9 10 *11)
[    0.832435] ACPI: PCI Interrupt Link [LNKB] (IRQs 5 9 *10 11)
[    0.849260] ACPI: PCI Interrupt Link [LNKC] (IRQs 5 *9 10 11)
[    0.865279] ACPI: PCI Interrupt Link [LNKD] (IRQs 5 9 10 *11)
[    0.881322] ACPI: Enabled 2 GPEs in block 00 to 07
[    0.892376] vgaarb: setting as boot device: PCI:0000:00:02.0
[    0.896000] vgaarb: device added: PCI:0000:00:02.0,decodes=io+mem,owns=io+mem,locks=none
[    0.916007] vgaarb: loaded
[    0.920006] vgaarb: bridge control possible 0000:00:02.0
[    0.932489] SCSI subsystem initialized
[    0.940167] ACPI: bus type USB registered
[    0.948036] usbcore: registered new interface driver usbfs
[    0.960057] usbcore: registered new interface driver hub
[    0.968145] usbcore: registered new device driver usb
[    0.980431] PCI: Using ACPI for IRQ routing
[    0.992940] NetLabel: Initializing
[    1.000007] NetLabel:  domain hash size = 128
[    1.012005] NetLabel:  protocols = UNLABELED CIPSOv4
[    1.020023] NetLabel:  unlabeled traffic allowed by default
[    1.028185] amd_nb: Cannot enumerate AMD northbridges
[    1.036298] clocksource: Switched to clocksource kvm-clock
[    1.091515] AppArmor: AppArmor Filesystem Enabled
[    1.098482] pnp: PnP ACPI init
[    1.102791] pnp: PnP ACPI: found 3 devices
[    1.116618] clocksource: acpi_pm: mask: 0xffffff max_cycles: 0xffffff, max_idle_ns: 2085701024 ns
[    1.126376] NET: Registered protocol family 2
[    1.131785] TCP established hash table entries: 8192 (order: 4, 65536 bytes)
[    1.139955] TCP bind hash table entries: 8192 (order: 5, 131072 bytes)
[    1.147977] TCP: Hash tables configured (established 8192 bind 8192)
[    1.156707] UDP hash table entries: 512 (order: 2, 16384 bytes)
[    1.170946] UDP-Lite hash table entries: 512 (order: 2, 16384 bytes)
[    1.174071] NET: Registered protocol family 1
[    1.174071] pci 0000:00:00.0: Limiting direct PCI/PCI transfers
[    1.174071] pci 0000:00:01.0: Activating ISA DMA hang workarounds
[    1.174071] Unpacking initramfs...
[    1.720374] Freeing initrd memory: 14880K
[    1.725880] clocksource: tsc: mask: 0xffffffffffffffff max_cycles: 0x19f228ab7a2, max_idle_ns: 440795289252 ns
[    1.735522] platform rtc_cmos: registered platform RTC device (no PNP device found)
[    1.744535] Scanning for low memory corruption every 60 seconds
[    1.753158] audit: initializing netlink subsys (disabled)
[    1.759044] audit: type=2000 audit(1606523319.876:1): initialized
[    1.765518] Initialise system trusted keyring
[    1.771065] HugeTLB registered 2 MB page size, pre-allocated 0 pages
[    1.780790] zbud: loaded
[    1.784959] VFS: Disk quotas dquot_6.6.0
[    1.788180] VFS: Dquot-cache hash table entries: 512 (order 0, 4096 bytes)
[    1.793834] squashfs: version 4.0 (2009/01/31) Phillip Lougher
[    1.800422] fuse init (API version 7.23)
[    1.803998] Key type big_key registered
[    1.808197] Allocating IMA MOK and blacklist keyrings.
[    1.829700] Key type asymmetric registered
[    1.833933] Asymmetric key parser 'x509' registered
[    1.838961] Block layer SCSI generic (bsg) driver version 0.4 loaded (major 249)
[    1.847932] io scheduler noop registered
[    1.852706] io scheduler deadline registered (default)
[    1.856797] io scheduler cfq registered
[    1.859768] pci_hotplug: PCI Hot Plug PCI Core version: 0.5
[    1.865262] pciehp: PCI Express Hot Plug Controller Driver version: 0.4
[    1.870628] ACPI: AC Adapter [AC] (on-line)
[    1.874046] input: Power Button as /devices/LNXSYSTM:00/LNXPWRBN:00/input/input0
[    1.879838] ACPI: Power Button [PWRF]
[    1.883965] input: Sleep Button as /devices/LNXSYSTM:00/LNXSLPBN:00/input/input1
[    1.890971] ACPI: Sleep Button [SLPF]
[    1.896338] ACPI: Battery Slot [BAT0] (battery present)
[    1.896455] GHES: HEST is not enabled!
[    1.906333] Serial: 8250/16550 driver, 32 ports, IRQ sharing enabled
[    1.936493] 00:02: ttyS0 at I/O 0x3f8 (irq = 4, base_baud = 115200) is a 16550A
[    1.967428] Linux agpgart interface v0.103
[    1.984404] loop: module loaded
[    1.990389] scsi host0: ata_piix
[    1.993903] scsi host1: ata_piix
[    1.996617] ata1: PATA max UDMA/33 cmd 0x1f0 ctl 0x3f6 bmdma 0xd000 irq 14
[    2.003147] ata2: PATA max UDMA/33 cmd 0x170 ctl 0x376 bmdma 0xd008 irq 15
[    2.010333] libphy: Fixed MDIO Bus: probed
[    2.015241] tun: Universal TUN/TAP device driver, 1.6
[    2.019171] tun: (C) 1999-2004 Max Krasnyansky <maxk@qualcomm.com>
[    2.019171] PPP generic driver version 2.4.2
[    2.019171] ehci_hcd: USB 2.0 'Enhanced' Host Controller (EHCI) Driver
[    2.019171] ehci-pci: EHCI PCI platform driver
[    2.019171] ehci-platform: EHCI generic platform driver
[    2.019171] ohci_hcd: USB 1.1 'Open' Host Controller (OHCI) Driver
[    2.019171] ohci-pci: OHCI PCI platform driver
[    2.019171] ohci-platform: OHCI generic platform driver
[    2.019171] uhci_hcd: USB Universal Host Controller Interface driver
[    2.019171] i8042: PNP: PS/2 Controller [PNP0303:PS2K,PNP0f03:PS2M] at 0x60,0x64 irq 1,12
[    2.074487] serio: i8042 KBD port at 0x60,0x64 irq 1
[    2.078708] serio: i8042 AUX port at 0x60,0x64 irq 12
[    2.083546] mousedev: PS/2 mouse device common for all mice
[    2.090687] rtc_cmos rtc_cmos: rtc core: registered rtc_cmos as rtc0
[    2.097561] rtc_cmos rtc_cmos: alarms up to one day, 114 bytes nvram
[    2.105993] i2c /dev entries driver
[    2.110024] device-mapper: uevent: version 1.0.3
[    2.115627] input: AT Translated Set 2 keyboard as /devices/platform/i8042/serio0/input/input2
[    2.126661] device-mapper: ioctl: 4.34.0-ioctl (2015-10-28) initialised: dm-devel@redhat.com
[    2.135885] ledtrig-cpu: registered to indicate activity on CPUs
[    2.146390] NET: Registered protocol family 10
[    2.151365] NET: Registered protocol family 17
[    2.158465] Key type dns_resolver registered
[    2.163320] registered taskstats version 1
[    2.176189] Loading compiled-in X.509 certificates
[    2.184509] Loaded X.509 cert 'Build time autogenerated kernel key: 12717d7bded22cc9f4c9021cf049cb5c0a2cb7b0'
[    2.192818] zswap: loaded using pool lzo/zbud
[    2.233157] Key type trusted registered
[    2.246955] Key type encrypted registered
[    2.251100] AppArmor: AppArmor sha1 policy hashing enabled
[    2.255948] ima: No TPM chip found, activating TPM-bypass!
[    2.261924] ima: Allocated hash algorithm: sha1
[    2.265812] evm: HMAC attrs: 0x1
[    2.270157]   Magic number: 12:59:457
[    2.273692] rtc_cmos rtc_cmos: setting system clock to 2020-11-28 00:28:35 UTC (1606523315)
[    2.280497] BIOS EDD facility v0.16 2004-Jun-25, 0 devices found
[    2.285086] EDD information not available.
[    2.290180] Freeing unused kernel memory: 1492K
[    2.308383] Write protecting the kernel read-only data: 14336k
[    2.314058] Freeing unused kernel memory: 1588K
[    2.317991] Freeing unused kernel memory: 56K
Loading, please wait...
starting version 229
[    2.350333] random: systemd-udevd: uninitialized urandom read (16 bytes read, 5 bits of entropy available)
[    2.351082] random: udevadm: uninitialized urandom read (16 bytes read, 5 bits of entropy available)
[    2.351097] random: udevadm: uninitialized urandom read (16 bytes read, 5 bits of entropy available)
[    2.364705] random: udevadm: uninitialized urandom read (16 bytes read, 5 bits of entropy available)
[    2.364748] random: udevadm: uninitialized urandom read (16 bytes read, 5 bits of entropy available)
[    2.364952] random: udevadm: uninitialized urandom read (16 bytes read, 5 bits of entropy available)
[    2.365001] random: udevadm: uninitialized urandom read (16 bytes read, 5 bits of entropy available)
[    2.365046] random: udevadm: uninitialized urandom read (16 bytes read, 5 bits of entropy available)
[    2.365186] random: udevadm: uninitialized urandom read (16 bytes read, 5 bits of entropy available)
[    2.365425] random: udevadm: uninitialized urandom read (16 bytes read, 5 bits of entropy available)
[    2.494250] e1000: Intel(R) PRO/1000 Network Driver - version 7.3.21-k8-NAPI
[    2.501835] e1000: Copyright (c) 1999-2006 Intel Corporation.
[    2.537477] Fusion MPT base driver 3.04.20
[    2.541331] Copyright (c) 1999-2008 LSI Corporation
[    2.557075] Fusion MPT SPI Host driver 3.04.20
[    3.039361] input: ImExPS/2 Generic Explorer Mouse as /devices/platform/i8042/serio1/input/input4
[    3.216493] e1000 0000:00:03.0 eth0: (PCI:33MHz:32-bit) 02:e0:65:d0:24:0e
[    3.224078] e1000 0000:00:03.0 eth0: Intel(R) PRO/1000 Network Connection
[    3.232279] mptbase: ioc0: Initiating bringup
[    3.233045] e1000 0000:00:03.0 enp0s3: renamed from eth0
[    3.458868] ioc0: LSI53C1030 A0: Capabilities={Initiator}
[    3.873035] scsi host2: ioc0: LSI53C1030 A0, FwRev=00000000h, Ports=1, MaxQ=256, IRQ=20
[    4.024525] scsi 2:0:0:0: Direct-Access     VBOX     HARDDISK         1.0  PQ: 0 ANSI: 5
[    4.032224] scsi target2:0:0: Beginning Domain Validation
[    4.044590] scsi target2:0:0: Domain Validation skipping write tests
[    4.050461] scsi target2:0:0: Ending Domain Validation
[    4.056174] scsi target2:0:0: asynchronous
[    4.063201] scsi 2:0:1:0: Direct-Access     VBOX     HARDDISK         1.0  PQ: 0 ANSI: 5
[    4.071489] scsi target2:0:1: Beginning Domain Validation
[    4.084666] scsi target2:0:1: Domain Validation skipping write tests
[    4.090413] scsi target2:0:1: Ending Domain Validation
[    4.094877] scsi target2:0:1: asynchronous
[    4.134299] sd 2:0:0:0: Attached scsi generic sg0 type 0
[    4.139697] sd 2:0:0:0: [sda] 20971520 512-byte logical blocks: (10.7 GB/10.0 GiB)
[    4.149767] sd 2:0:1:0: Attached scsi generic sg1 type 0
[    4.149841] sd 2:0:0:0: [sda] Write Protect is off
[    4.150080] sd 2:0:1:0: [sdb] 20480 512-byte logical blocks: (10.5 MB/10.0 MiB)
[    4.150457] sd 2:0:0:0: [sda] Incomplete mode parameter data
[    4.150458] sd 2:0:0:0: [sda] Assuming drive cache: write through
[    4.151128] sd 2:0:1:0: [sdb] Write Protect is off
[    4.151812] sd 2:0:1:0: [sdb] Incomplete mode parameter data
[    4.151814] sd 2:0:1:0: [sdb] Assuming drive cache: write through
[    4.156972]  sda: sda1
[    4.160630] sd 2:0:1:0: [sdb] Attached SCSI disk
[    4.162790] sd 2:0:0:0: [sda] Attached SCSI disk
Begin: Loading essential drivers ... [    6.001105] md: linear personality registered for level -1
[    6.010038] md: multipath personality registered for level -4
[    6.020603] md: raid0 personality registered for level 0
[    6.040993] md: raid1 personality registered for level 1
[    6.121134] raid6: sse2x1   gen() 10218 MB/s
[    6.192400] raid6: sse2x1   xor()  7911 MB/s
[    6.264160] raid6: sse2x2   gen() 13079 MB/s
[    6.332378] raid6: sse2x2   xor()  9549 MB/s
[    6.404726] raid6: sse2x4   gen() 14650 MB/s
[    6.472236] raid6: sse2x4   xor()  9883 MB/s
[    6.476399] raid6: using algorithm sse2x4 gen() 14650 MB/s
[    6.481166] raid6: .... xor() 9883 MB/s, rmw enabled
[    6.485633] raid6: using ssse3x2 recovery algorithm
[    6.493491] xor: measuring software checksum speed
[    6.536586]    prefetch64-sse: 16974.000 MB/sec
[    6.580388]    generic_sse: 17963.000 MB/sec
[    6.583940] xor: using function: generic_sse (17963.000 MB/sec)
[    6.591487] async_tx: api initialized (async)
[    6.635376] md: raid6 personality registered for level 6
[    6.641910] md: raid5 personality registered for level 5
[    6.646184] md: raid4 personality registered for level 4
[    6.670157] md: raid10 personality registered for level 10
done.
Begin: Running /scripts/init-premount ... done.
Begin: Mounting root file system ... Begin: Running /scripts/local-top ... done.
Begin: Running /scripts/local-premount ... [    6.741201] Btrfs loaded
Scanning for Btrfs filesystems
done.
Warning: fsck not present, so skipping root file system
[    6.812361] EXT4-fs (sda1): mounted filesystem with ordered data mode. Opts: (null)
done.
Begin: Running /scripts/local-bottom ... done.
Begin: Running /scripts/init-bottom ... done.
[    7.061708] systemd[1]: systemd 229 running in system mode. (+PAM +AUDIT +SELINUX +IMA +APPARMOR +SMACK +SYSVINIT +UTMP +LIBCRYPTSETUP +GCRYPT +GNUTLS +ACL +XZ -LZ4 +SECCOMP +BLKID +ELFUTILS +KMOD -IDN)
[    7.078386] systemd[1]: Detected virtualization oracle.
[    7.084043] systemd[1]: Detected architecture x86-64.

Welcome to [1mUbuntu 16.04.7 LTS[0m!

[    7.100717] systemd[1]: Set hostname to <ubuntu>.
[    7.117682] systemd[1]: Initializing machine ID from random generator.
[    7.123689] systemd[1]: Installed transient /etc/machine-id file.
[    7.375329] systemd[1]: Started Forward Password Requests to Wall Directory Watch.
[[0;32m  OK  [0m] Started Forward Password Requests to Wall Directory Watch.
[    7.389280] systemd[1]: Listening on Journal Socket.
[[0;32m  OK  [0m] Listening on Journal Socket.
[    7.400797] systemd[1]: Set up automount Arbitrary Executable File Formats File System Automount Point.
[[0;32m  OK  [0m] Set up automount Arbitrary Executab...ats File System Automount Point.
[    7.413533] systemd[1]: Listening on Journal Audit Socket.
[[0;32m  OK  [0m] Listening on Journal Audit Socket.
[    7.421396] systemd[1]: Reached target System Time Synchronized.
[[0;32m  OK  [0m] Reached target System Time Synchronized.
[    7.430559] systemd[1]: Created slice System Slice.
[[0;32m  OK  [0m] Created slice System Slice.
[    7.452314] systemd[1]: Starting Set console keymap...
         Starting Set console keymap...
[    7.473255] systemd[1]: Mounting POSIX Message Queue File System...
         Mounting POSIX Message Queue File System...
[    7.491796] systemd[1]: Starting Load Kernel Modules...
         Starting Load Kernel Modules...
[    7.509376] systemd[1]: Starting Uncomplicated firewall...
         Starting Uncomplicated firewall...
[    7.521795] systemd[1]: Started Trigger resolvconf update for networkd DNS.
[    7.528894] Loading iSCSI transport class v2.0-870.
[[0;32m  OK  [0m] Started Trigger resolvconf update for networkd DNS.
[    7.536812] systemd[1]: Reached target Swap.
[[0;32m  OK  [0m] Reached target Swap.
[    7.544715] systemd[1]: Listening on Device-mapper event daemon FIFOs.
[[0;32m  OK  [0m] Listening on Device-mapper event daemon FIFOs.
[    7.556768] systemd[1]: Mounting Debug File System...
         Mounting Debug File System...
[    7.566388] systemd[1]: Listening on LVM2 poll daemon socket.
[    7.573724] iscsi: registered transport (tcp)
[[0;32m  OK  [0m] Listening on LVM2 poll daemon socket.
[    7.581286] systemd[1]: Listening on Syslog Socket.
[[0;32m  OK  [0m] Listening on Syslog Socket.
[    7.597658] systemd[1]: Listening on LVM2 metadata daemon socket.
[[0;32m  OK  [0m] Listening on LVM2 metadata daemon socket.
[    7.628917] systemd[1]: Starting Monitoring of LVM2 mirrors, snapshots etc. using dmeventd or progress polling...
         Starting Monitoring of LVM2 mirrors... dmeventd or progress polling...
[    7.653075] systemd[1]: Created slice system-serial\x2dgetty.slice.
[[0;32m  OK  [0m] Created slice system-serial\x2dgetty.slice.
[    7.666565] systemd[1]: Starting Nameserver information manager...
         Starting Nameserver information manager...
[    7.693121] iscsi: registered transport (iser)
[    7.697489] systemd[1]: Mounting Huge Pages File System...
         Mounting Huge Pages File System...
[    7.710481] systemd[1]: Listening on /dev/initctl Compatibility Named Pipe.
[[0;32m  OK  [0m] Listening on /dev/initctl Compatibility Named Pipe.
[    7.721883] systemd[1]: Listening on udev Kernel Socket.
[[0;32m  OK  [0m] Listening on udev Kernel Socket.
[    7.730121] systemd[1]: Listening on Journal Socket (/dev/log).
[[0;32m  OK  [0m] Listening on Journal Socket (/dev/log).
[    7.757432] systemd[1]: Starting Journal Service...
         Starting Journal Service...
[    7.767161] systemd[1]: Reached target Encrypted Volumes.
[[0;32m  OK  [0m] Reached target Encrypted Volumes.
[    7.780703] systemd[1]: Reached target User and Group Name Lookups.
[[0;32m  OK  [0m] Reached target User and Group Name Lookups.
[    7.795451] systemd[1]: Starting Remount Root and Kernel File Systems...
         Starting Remount Root and Kernel File Systems...
[    7.808847] systemd[1]: Created slice User and Session Slice.
[    7.814677] EXT4-fs (sda1): re-mounted. Opts: (null)
[[0;32m  OK  [0m] Created slice User and Session Slice.
[    7.824694] systemd[1]: Reached target Slices.
[[0;32m  OK  [0m] Reached target Slices.
[    7.833179] systemd[1]: Listening on udev Control Socket.
[[0;32m  OK  [0m] Listening on udev Control Socket.
[    7.852601] systemd[1]: Starting Create list of required static device nodes for the current kernel...
         Starting Create list of required st... nodes for the current kernel...
[    7.869191] systemd[1]: Mounted Huge Pages File System.
[[0;32m  OK  [0m] Mounted Huge Pages File System.
[    7.878507] systemd[1]: Mounted Debug File System.
[[0;32m  OK  [0m] Mounted Debug File System.
[    7.886195] systemd[1]: Mounted POSIX Message Queue File System.
[[0;32m  OK  [0m] Mounted POSIX Message Queue File System.
[    7.894975] systemd[1]: Started Journal Service.
[[0;32m  OK  [0m] Started Journal Service.
[[0;32m  OK  [0m] Started Set console keymap.
[[0;32m  OK  [0m] Started Load Kernel Modules.
[[0;32m  OK  [0m] Started Uncomplicated firewall.
[[0;32m  OK  [0m] Started Remount Root and Kernel File Systems.
[[0;32m  OK  [0m] Started Create list of required sta...ce nodes for the current kernel.
[[0;32m  OK  [0m] Started Nameserver information manager.
[[0;32m  OK  [0m] Started LVM2 metadata daemon.
         Starting Create Static Device Nodes in /dev...
         Starting udev Coldplug all Devices...
         Starting Load/Save Random Seed...
         Starting Apply Kernel Variables...
         Mounting FUSE Control File System...
         Starting Flush Journal to Persistent Storage...
[[0;32m  OK  [0m] Started Load/Save Random Seed.
[[0;32m  OK  [0m] Mounted FUSE Control File System.
[    8.019218] systemd-journald[389]: Received request to flush runtime journal from PID 1
[    8.026741] random: nonblocking pool is initialized
[[0;32m  OK  [0m] Started Flush Journal to Persistent Storage.
[[0;32m  OK  [0m] Started Apply Kernel Variables.
[[0;32m  OK  [0m] Started Create Static Device Nodes in /dev.
         Starting udev Kernel Device Manager...
[[0;32m  OK  [0m] Started udev Coldplug all Devices.
[[0;32m  OK  [0m] Started udev Kernel Device Manager.
[[0;32m  OK  [0m] Started Dispatch Password Requests to Console Directory Watch.
[[0;32m  OK  [0m] Started Monitoring of LVM2 mirrors,...ng dmeventd or progress polling.
[[0;32m  OK  [0m] Reached target Local File Systems (Pre).
[[0;32m  OK  [0m] Reached target Local File Systems.
         Starting Initial cloud-init job (pre-networking)...
         Starting LSB: AppArmor initialization...
         Starting Create Volatile Files and Directories...
         Starting Tell Plymouth To Write Out Runtime Data...
         Starting Commit a transient machine-id on disk...
         Starting Set console font and keymap...
[[0;32m  OK  [0m] Found device /dev/ttyS0.
[[0;32m  OK  [0m] Started Create Volatile Files and Directories.
         Starting Update UTMP about System Boot/Shutdown...
[[0;32m  OK  [0m] Started Tell Plymouth To Write Out Runtime Data.
[[0;32m  OK  [0m] Started Commit a transient machine-id on disk.
[[0;32m  OK  [0m] Started Update UTMP about System Boot/Shutdown.
[[0;32m  OK  [0m] Listening on Load/Save RF Kill Switch Status /dev/rfkill Watch.
[[0;32m  OK  [0m] Started LSB: AppArmor initialization.
[   10.571148] cloud-init[477]: Cloud-init v. 20.3-2-g371b392c-0ubuntu1~16.04.1 running 'init-local' at Sat, 28 Nov 2020 00:28:43 +0000. Up 10.15 seconds.
[[0;32m  OK  [0m] Started Initial cloud-init job (pre-networking).
[[0;32m  OK  [0m] Reached target Network (Pre).
         Starting Load AppArmor profiles managed internally by snapd...
         Starting Raise network interfaces...
[[0;32m  OK  [0m] Started Load AppArmor profiles managed internally by snapd.
[[0;32m  OK  [0m] Started Set console font and keymap.
[[0;32m  OK  [0m] Created slice system-getty.slice.
[[0;32m  OK  [0m] Started Raise network interfaces.
[[0;32m  OK  [0m] Reached target Network.
         Starting Initial cloud-init job (metadata service crawler)...
[   12.733355] cloud-init[930]: Cloud-init v. 20.3-2-g371b392c-0ubuntu1~16.04.1 running 'init' at Sat, 28 Nov 2020 00:28:45 +0000. Up 11.88 seconds.
[   12.741796] cloud-init[930]: ci-info: ++++++++++++++++++++++++++++++++++++++Net device info++++++++++++++++++++++++++++++++++++++
[   12.749701] cloud-init[930]: ci-info: +--------+------+----------------------------+---------------+--------+-------------------+
[   12.757479] cloud-init[930]: ci-info: | Device |  Up  |          Address           |      Mask     | Scope  |     Hw-Address    |
[   12.765089] cloud-init[930]: ci-info: +--------+------+----------------------------+---------------+--------+-------------------+
[[0;32m  OK  [0m] Started Initial cloud-init job (metadata service crawler).
[[0;32m  OK  [0m] Reached target Network is Online.
[   12.775958] cloud-init[930]: ci-info: | enp0s3 | True |         10.0.2.15          | 255.255.255.0 | global | 02:e0:65:d0:24:0e |
[   12.781347] cloud-init[930]: ci-info: | enp0s3 | True | fe80::e0:65ff:fed0:240e/64 |       .       |  link  | 02:e0:65:d0:24:0e |
[   12.786089] cloud-init[930]: ci-info: |   lo   | True |         127.0.0.1          |   255.0.0.0   |  host  |         .         |
         [   12.790947] cloud-init[930]: ci-info: |   lo   | True |          ::1/128           |       .       |  host  |         .         |
[   12.793081] cloud-init[930]: ci-info: +--------+------+----------------------------+---------------+--------+-------------------+
[   12.793473] cloud-init[930]: ci-info: +++++++++++++++++++++++++++Route IPv4 info++++++++++++++++++++++++++++
[   12.793516] cloud-init[930]: ci-info: +-------+-------------+----------+---------------+-----------+-------+
[   12.794505] cloud-init[930]: ci-info: | Route | Destination | Gateway  |    Genmask    | Interface | Flags |
[   12.794764] cloud-init[930]: ci-info: +-------+-------------+----------+---------------+-----------+-------+
[   12.794801] cloud-init[930]: ci-info: |   0   |   0.0.0.0   | 10.0.2.2 |    0.0.0.0    |   enp0s3  |   UG  |
[   12.794838] cloud-init[930]: ci-info: |   1   |   10.0.2.0  | 0.0.0.0  | 255.255.255.0 |   enp0s3  |   U   |
[   12.794872] cloud-init[930]: ci-info: +-------+-------------+----------+---------------+-----------+-------+
[   12.795278] cloud-init[930]: ci-info: +++++++++++++++++++Route IPv6 info+++++++++++++++++++
[   12.795647] cloud-init[930]: ci-info: +-------+-------------+---------+-----------+-------+
[   12.795687] cloud-init[930]: ci-info: | Route | Destination | Gateway | Interface | Flags |
[   12.795723] cloud-init[930]: ci-info: +-------+-------------+---------+-----------+-------+
[   12.796323] cloud-init[930]: ci-info: |   0   |  fe80::/64  |    ::   |   enp0s3  |   U   |
[   12.796428] cloud-init[930]: ci-info: |   3   |   ff00::/8  |    ::   |   enp0s3  |   U   |
[   12.796464] cloud-init[930]: ci-info: +-------+-------------+---------+-----------+-------+
[   12.796511] cloud-init[930]: Generating public/private rsa key pair.
[   12.796546] cloud-init[930]: Your identification has been saved in /etc/ssh/ssh_host_rsa_key.
[   12.796587] cloud-init[930]: Your public key has been saved in /etc/ssh/ssh_host_rsa_key.pub.
[   12.796653] cloud-init[930]: The key fingerprint is:
[   12.797110] cloud-init[930]: SHA256:zNuz6jQK2zI6iN07/8WjcjzP4Mp5TYw5bkDW7VkdDzY root@ubuntu-xenial
[   12.797470] cloud-init[930]: The key's randomart image is:
[   12.797505] cloud-init[930]: +---[RSA 2048]----+
[   12.797536] cloud-init[930]: |                 |
[   12.798560] cloud-init[930]: |              E  |
[   12.798942] cloud-init[930]: |       . .   o = |
[   12.799293] cloud-init[930]: |      oo. . . . .|
[   12.799645] cloud-init[930]: |     o  S= o     |
[   12.800453] cloud-init[930]: |      . ++=      |
[   12.800805] cloud-init[930]: |.o ..  +=+*      |
[   12.801176] cloud-init[930]: |o o ==.=B*.+     |
[   12.801562] cloud-init[930]: |  .oo*BO*++      |
[   12.801894] cloud-init[930]: +----[SHA256]-----+
[   12.802247] cloud-init[930]: Generating public/private dsa key pair.
[   12.802602] cloud-init[930]: Your identification has been saved in /etc/ssh/ssh_host_dsa_key.
[   12.802972] cloud-init[930]: Your public key has been saved in /etc/ssh/ssh_host_dsa_key.pub.
[   12.803327] cloud-init[930]: The key fingerprint is:
[   12.803683] cloud-init[930]: SHA256:BYi+P0qCyJpFmwQEYH4K0/ZoPz2gIvb9gXniHWIIlko root@ubuntu-xenial
[   12.804217] cloud-init[930]: The key's randomart image is:
[   12.804448] cloud-init[930]: +---[DSA 1024]----+
[   12.804833] cloud-init[930]: |=o   . ..        |
[   12.805185] cloud-init[930]: |+.  . .  .       |
[   12.805543] cloud-init[930]: |+.oo      .      |
[   12.805928] cloud-init[930]: |.++o.    .       |
[   12.806280] cloud-init[930]: | E= o.  S        |
[   12.806635] cloud-init[930]: |*=.=ooo          |
[   12.807032] cloud-init[930]: |*o*.+Bo+         |
[   12.807359] cloud-init[930]: |++.o+.B.o        |
[   12.807739] cloud-init[930]: |o  ..+.+         |
[   12.808515] cloud-init[930]: +----[SHA256]-----+
[   12.808876] cloud-init[930]: Generating public/private ecdsa key pair.
[   12.809230] cloud-init[930]: Your identification has been saved in /etc/ssh/ssh_host_ecdsa_key.
[   12.809585] cloud-init[930]: Your public key has been saved in /etc/ssh/ssh_host_ecdsa_key.pub.
[   12.809953] cloud-init[930]: The key fingerprint is:
[   12.810308] cloud-init[930]: SHA256:yVo39q9GgsmmEYjePxswM+6C8DrRqBLK/wSuiYecHQc root@ubuntu-xenial
[   12.810732] cloud-init[930]: The key's randomart image is:
[   12.811127] cloud-init[930]: +---[ECDSA 256]---+
[   12.811444] cloud-init[930]: |                 |
[   12.811831] cloud-init[930]: |                 |
[   12.812621] cloud-init[930]: |   . .           |
[   12.812661] cloud-init[930]: |  .E. .. .       |
[   12.812694] cloud-init[930]: | + o*  oSo+      |
[   12.812726] cloud-init[930]: |= +oo*.o=o.o.    |
[   12.812757] cloud-init[930]: |**o.+oo+   o.    |
[   12.812789] cloud-init[930]: |O+*o. +.    ..   |
[   12.812820] cloud-init[930]: |+*.oo..o   ....  |
[   12.905441] cloud-init[930]: +----[SHA256]-----+
[   12.905740] cloud-init[930]: Generating public/private ed25519 key pair.
[   12.906105] cloud-init[930]: Your identification has been saved in /etc/ssh/ssh_host_ed25519_key.
[   12.906500] cloud-init[930]: Your public key has been saved in /etc/ssh/ssh_host_ed25519_key.pub.
[   12.906818] cloud-init[930]: The key fingerprint is:
[   12.907178] cloud-init[930]: SHA256:UamfMx5DxhTHDrRQAn7hy35za03ndxZ3Idl7a3OsZTA root@ubuntu-xenial
[   12.907623] cloud-init[930]: The key's randomart image is:
[   12.907975] cloud-init[930]: +--[ED25519 256]--+
[   12.908758] cloud-init[930]: |      ..+o=+.    |
[   12.909111] cloud-init[930]: |     . . =+o.    |
[   12.909490] cloud-init[930]: |      . ++.o  o  |
[   12.909896] cloud-init[930]: |       o.o+ .o o |
[   12.910298] cloud-init[930]: |        S+ .  E o|
[   12.910750] cloud-init[930]: |       .  B   .==|
[   12.911223] cloud-init[930]: |        ..o=.o +O|
[   12.911524] cloud-init[930]: |         ..o...*B|
[   12.912236] cloud-init[930]: |           .. oo=|
[   12.912306] cloud-init[930]: +----[SHA256]-----+
Starting iSCSI initiator daemon (iscsid)...
[[0;32m  OK  [0m] Reached target Cloud-config availability.
[[0;32m  OK  [0m] Reached target System Initialization.
[[0;32m  OK  [0m] Started Message of the Day.
[[0;32m  OK  [0m] Started ACPI Events Check.
[[0;32m  OK  [0m] Reached target Paths.
         Starting Socket activation for snappy daemon.
[[0;32m  OK  [0m] Listening on ACPID Listen Socket.
[[0;32m  OK  [0m] Started Daily apt download activities.
[[0;32m  OK  [0m] Started Daily apt upgrade and clean activities.
[[0;32m  OK  [0m] Listening on D-Bus System Message Bus Socket.
[[0;32m  OK  [0m] Listening on UUID daemon activation socket.
[[0;32m  OK  [0m] Started Daily Cleanup of Temporary Directories.
[[0;32m  OK  [0m] Reached target Timers.
         Starting LXD - unix socket.
[[0;32m  OK  [0m] Listening on Socket activation for snappy daemon.
[[0;32m  OK  [0m] Listening on LXD - unix socket.
[[0;32m  OK  [0m] Started iSCSI initiator daemon (iscsid).
         Starting Login to default iSCSI targets...
[[0;32m  OK  [0m] Reached target Sockets.
[[0;32m  OK  [0m] Reached target Basic System.
         Starting LSB: Record successful boot for GRUB...
[[0;32m  OK  [0m] Started ACPI event daemon.
[[0;32m  OK  [0m] Started D-Bus System Message Bus.
[[0;32m  OK  [0m] Started FUSE filesystem for LXC.
         Starting Virtualbox guest utils...
         Starting LXD - container startup/shutdown...
         Starting Login Service...
[[0;32m  OK  [0m] Started Deferred execution scheduler.
         Starting /etc/rc.local Compatibility...
[[0;32m  OK  [0m] Started Regular background program processing daemon.
         Starting Accounts Service...
         Starting System Logging Service...
         Starting Pollinate to seed the pseudo random number generator...
         Starting LSB: MD monitoring daemon...
         Starting Snap Daemon...
[[0;32m  OK  [0m] Started /etc/rc.local Compatibility.
[[0;32m  OK  [0m] Started Login Service.
[[0;32m  OK  [0m] Started Unattended Upgrades Shutdown.
[[0;32m  OK  [0m] Started System Logging Service.
[[0;32m  OK  [0m] Started LSB: Record successful boot for GRUB.
[[0;32m  OK  [0m] Started LSB: MD monitoring daemon.
[[0;32m  OK  [0m] Started Login to default iSCSI targets.
[[0;32m  OK  [0m] Reached target Remote File Systems (Pre).
[[0;32m  OK  [0m] Reached target Remote File Systems.
         Starting LSB: Set the CPU Frequency Scaling governor to "ondemand"...
         Starting LSB: automatic crash report generation...
         Starting Permit User Sessions...
         Starting LSB: daemon to balance interrupts for SMP systems...
[[0;32m  OK  [0m] Started Permit User Sessions.
         Starting Hold until boot process finishes up...
         Starting Terminate Plymouth Boot Screen...
[[0;32m  OK  [0m] Started Hold until boot process finishes up.
[[0;32m  OK  [0m] Started Serial Getty on ttyS0.
[[0;32m  OK  [0m] Started Getty on tty1.
[[0;32m  OK  [0m] Reached target Login Prompts.
         Starting Set console scheme...
[[0;32m  OK  [0m] Started Terminate Plymouth Boot Screen.
[[0;32m  OK  [0m] Started Set console scheme.
         Starting Authenticate and Authorize Users to Run Privileged Tasks...
[[0;32m  OK  [0m] Started LSB: Set the CPU Frequency Scaling governor to "ondemand".
[[0;32m  OK  [0m] Started LSB: daemon to balance interrupts for SMP systems.
[[0;32m  OK  [0m] Started LSB: automatic crash report generation.
[[0;32m  OK  [0m] Started LXD - container startup/shutdown.
[[0;32m  OK  [0m] Started Authenticate and Authorize Users to Run Privileged Tasks.
[[0;32m  OK  [0m] Started Accounts Service.
[[0;32m  OK  [0m] Started Virtualbox guest utils.
[[0;32m  OK  [0m] Started Snap Daemon.
         Starting Wait until snapd is fully seeded...
[[0;32m  OK  [0m] Started Pollinate to seed the pseudo random number generator.
         Starting OpenBSD Secure Shell server...
[[0;32m  OK  [0m] Started OpenBSD Secure Shell server.
[[0;32m  OK  [0m] Created slice User Slice of vagrant.
         Starting User Manager for UID 1000...
[[0;32m  OK  [0m] Started Session 1 of user vagrant.
[[0;32m  OK  [0m] Started User Manager for UID 1000.
[   19.656899] cloud-init[1399]: Generating locales (this might take a while)...

Ubuntu 16.04.7 LTS ubuntu-xenial ttyS0

ubuntu-xenial login: [   21.262903] cloud-init[1399]:   en_US.UTF-8... done
[   21.266275] cloud-init[1399]: Generation complete.
[   21.779323] cloud-init[1399]: Cloud-init v. 20.3-2-g371b392c-0ubuntu1~16.04.1 running 'modules:config' at Sat, 28 Nov 2020 00:28:52 +0000. Up 19.50 seconds.
ci-info: no authorized SSH keys fingerprints found for user ubuntu.
<14>Nov 28 00:28:55 ec2: 
<14>Nov 28 00:28:55 ec2: #############################################################
<14>Nov 28 00:28:55 ec2: -----BEGIN SSH HOST KEY FINGERPRINTS-----
<14>Nov 28 00:28:55 ec2: 1024 SHA256:BYi+P0qCyJpFmwQEYH4K0/ZoPz2gIvb9gXniHWIIlko root@ubuntu-xenial (DSA)
<14>Nov 28 00:28:55 ec2: 256 SHA256:yVo39q9GgsmmEYjePxswM+6C8DrRqBLK/wSuiYecHQc root@ubuntu-xenial (ECDSA)
<14>Nov 28 00:28:55 ec2: 256 SHA256:UamfMx5DxhTHDrRQAn7hy35za03ndxZ3Idl7a3OsZTA root@ubuntu-xenial (ED25519)
<14>Nov 28 00:28:55 ec2: 2048 SHA256:zNuz6jQK2zI6iN07/8WjcjzP4Mp5TYw5bkDW7VkdDzY root@ubuntu-xenial (RSA)
<14>Nov 28 00:28:55 ec2: -----END SSH HOST KEY FINGERPRINTS-----
<14>Nov 28 00:28:55 ec2: #############################################################
-----BEGIN SSH HOST KEY KEYS-----
ecdsa-sha2-nistp256 AAAAE2VjZHNhLXNoYTItbmlzdHAyNTYAAAAIbmlzdHAyNTYAAABBBEl+BYi0s2G/n6zzQp2i8NkdRP5Gn25N4Dgloq6NB9hyQLvdBRP5EdpOkeXzYqIHWYxjRP0n1IeMpE5zKshPtfs= root@ubuntu-xenial
ssh-ed25519 AAAAC3NzaC1lZDI1NTE5AAAAIB7IEi6+FMlAtNZxruonvpVMPBWCCz7DulrKKag21V5C root@ubuntu-xenial
ssh-rsa AAAAB3NzaC1yc2EAAAADAQABAAABAQCl7fPOscftFdJ32qPE+WFct2cVsqAH+w3bugraKCgdyfucquqnYJcJAA3eHOegQBH8ceRwUGQKWRJsziJMr8zASmxFxmsleVtDvZL8s56HV429+C+RHSc3DwdBKul4qyT9S6nof06yoemql5u7cPJ0XtxaR8ABe/Zc24DoGXKPRSXF9vDdcI9o5vPsHSXADN+V8IfMIEEh0aBfLEJXU9YGH4hnXMWNA/Ey/McPoH51KjHm79OSCDvFqxuPn9uvyLj6h23ilxk47PX+BLJ8nKFBB8jLIVsj1oPYiB8MW8W9uWIhqqmMv7iFWw/VpouDYi7xQv8e6NxcvhyZAiqiYR9v root@ubuntu-xenial
-----END SSH HOST KEY KEYS-----
[   22.395658] cloud-init[1584]: Cloud-init v. 20.3-2-g371b392c-0ubuntu1~16.04.1 running 'modules:final' at Sat, 28 Nov 2020 00:28:55 +0000. Up 22.20 seconds.
[   22.402742] cloud-init[1584]: ci-info: no authorized SSH keys fingerprints found for user ubuntu.
[   22.408339] cloud-init[1584]: Cloud-init v. 20.3-2-g371b392c-0ubuntu1~16.04.1 finished at Sat, 28 Nov 2020 00:28:55 +0000. Datasource DataSourceNoCloud [seed=/dev/sdb][dsmode=net].  Up 22.38 seconds
